[0629/064153.480:ERROR:process_reader_win.cc(123)] NtOpenThread: {Access Denied} A process has requested access to an object, but has not been granted those access rights. (0xc0000022)
[0629/064153.488:ERROR:exception_snapshot_win.cc(98)] thread ID 34552 not found in process
[0629/064153.470:ERROR:process_reader_win.cc(123)] NtOpenThread: {Access Denied} A process has requested access to an object, but has not been granted those access rights. (0xc0000022)
[0629/064153.489:ERROR:exception_snapshot_win.cc(98)] thread ID 40508 not found in process
[0629/065949.347:ERROR:process_reader_win.cc(123)] NtOpenThread: {Access Denied} A process has requested access to an object, but has not been granted those access rights. (0xc0000022)
[0629/065949.347:ERROR:process_reader_win.cc(123)] NtOpenThread: {Access Denied} A process has requested access to an object, but has not been granted those access rights. (0xc0000022)
[0629/065949.353:ERROR:exception_snapshot_win.cc(98)] thread ID 33196 not found in process
[0629/065949.353:ERROR:exception_snapshot_win.cc(98)] thread ID 34104 not found in process
[0629/065949.375:ERROR:process_reader_win.cc(123)] NtOpenThread: {Access Denied} A process has requested access to an object, but has not been granted those access rights. (0xc0000022)
[0629/065949.376:ERROR:exception_snapshot_win.cc(98)] thread ID 684 not found in process
[0629/065949.376:ERROR:process_reader_win.cc(123)] NtOpenThread: {Access Denied} A process has requested access to an object, but has not been granted those access rights. (0xc0000022)
[0629/065949.376:ERROR:exception_snapshot_win.cc(98)] thread ID 37520 not found in process
[0630/004153.333:ERROR:process_reader_win.cc(151)] SuspendThread: Access is denied. (0x5)
[0630/004153.406:ERROR:process_reader_win.cc(151)] SuspendThread: Access is denied. (0x5)
[0630/004153.406:ERROR:process_reader_win.cc(123)] NtOpenThread: {Access Denied} A process has requested access to an object, but has not been granted those access rights. (0xc0000022)
[0630/004153.637:ERROR:exception_snapshot_win.cc(98)] thread ID 41184 not found in process
[0703/141203.133:ERROR:process_reader_win.cc(151)] SuspendThread: Access is denied. (0x5)
[0703/141203.181:ERROR:process_reader_win.cc(123)] NtOpenThread: {Access Denied} A process has requested access to an object, but has not been granted those access rights. (0xc0000022)
[0703/141203.255:ERROR:exception_snapshot_win.cc(98)] thread ID 2756 not found in process
[0703/141203.255:ERROR:process_reader_win.cc(123)] NtOpenThread: {Access Denied} A process has requested access to an object, but has not been granted those access rights. (0xc0000022)
[0703/141203.133:ERROR:process_reader_win.cc(123)] NtOpenThread: {Access Denied} A process has requested access to an object, but has not been granted those access rights. (0xc0000022)
[0703/141203.180:ERROR:process_reader_win.cc(123)] NtOpenThread: {Access Denied} A process has requested access to an object, but has not been granted those access rights. (0xc0000022)
[0703/141203.255:ERROR:exception_snapshot_win.cc(98)] thread ID 30080 not found in process
[0703/141203.255:ERROR:exception_snapshot_win.cc(98)] thread ID 50072 not found in process
[0703/141203.255:ERROR:exception_snapshot_win.cc(98)] thread ID 19944 not found in process
[0708/001708.621:ERROR:process_reader_win.cc(123)] NtOpenThread: {Access Denied} A process has requested access to an object, but has not been granted those access rights. (0xc0000022)
[0708/001708.570:ERROR:process_reader_win.cc(123)] NtOpenThread: {Access Denied} A process has requested access to an object, but has not been granted those access rights. (0xc0000022)
[0708/001708.634:ERROR:process_reader_win.cc(123)] NtOpenThread: {Access Denied} A process has requested access to an object, but has not been granted those access rights. (0xc0000022)
[0708/001708.572:ERROR:process_reader_win.cc(123)] NtOpenThread: {Access Denied} A process has requested access to an object, but has not been granted those access rights. (0xc0000022)
[0708/001708.725:ERROR:exception_snapshot_win.cc(98)] thread ID 55456 not found in process
[0708/001708.725:ERROR:exception_snapshot_win.cc(98)] thread ID 54556 not found in process
[0708/001708.725:ERROR:exception_snapshot_win.cc(98)] thread ID 39460 not found in process
[0708/001708.725:ERROR:exception_snapshot_win.cc(98)] thread ID 44248 not found in process
[0708/001708.633:ERROR:process_reader_win.cc(123)] NtOpenThread: {Access Denied} A process has requested access to an object, but has not been granted those access rights. (0xc0000022)
[0708/001708.638:ERROR:process_reader_win.cc(123)] NtOpenThread: {Access Denied} A process has requested access to an object, but has not been granted those access rights. (0xc0000022)
[0708/001708.725:ERROR:exception_snapshot_win.cc(98)] thread ID 51656 not found in process
[0708/001708.725:ERROR:exception_snapshot_win.cc(98)] thread ID 40364 not found in process
[0708/004932.184:ERROR:process_reader_win.cc(151)] SuspendThread: Access is denied. (0x5)
[0708/004932.156:ERROR:process_reader_win.cc(123)] NtOpenThread: {Access Denied} A process has requested access to an object, but has not been granted those access rights. (0xc0000022)
[0708/004932.160:ERROR:process_reader_win.cc(123)] NtOpenThread: {Access Denied} A process has requested access to an object, but has not been granted those access rights. (0xc0000022)
[0708/004932.278:ERROR:exception_snapshot_win.cc(98)] thread ID 53380 not found in process
[0708/004932.278:ERROR:exception_snapshot_win.cc(98)] thread ID 35220 not found in process
[0708/004932.278:ERROR:process_reader_win.cc(151)] SuspendThread: Access is denied. (0x5)
[0708/004932.278:ERROR:process_reader_win.cc(151)] SuspendThread: Access is denied. (0x5)
[0708/004932.278:ERROR:process_reader_win.cc(151)] SuspendThread: Access is denied. (0x5)
[0708/004932.278:ERROR:process_reader_win.cc(123)] NtOpenThread: {Access Denied} A process has requested access to an object, but has not been granted those access rights. (0xc0000022)
[0708/004932.279:ERROR:exception_snapshot_win.cc(98)] thread ID 43464 not found in process
[0708/004932.688:ERROR:process_reader_win.cc(123)] NtOpenThread: {Access Denied} A process has requested access to an object, but has not been granted those access rights. (0xc0000022)
[0708/004932.688:ERROR:process_reader_win.cc(123)] NtOpenThread: {Access Denied} A process has requested access to an object, but has not been granted those access rights. (0xc0000022)
[0708/004932.688:ERROR:exception_snapshot_win.cc(98)] thread ID 27384 not found in process
[0708/004932.688:ERROR:exception_snapshot_win.cc(98)] thread ID 46680 not found in process
[0708/004932.717:ERROR:process_reader_win.cc(123)] NtOpenThread: {Access Denied} A process has requested access to an object, but has not been granted those access rights. (0xc0000022)
[0708/004932.717:ERROR:exception_snapshot_win.cc(98)] thread ID 51084 not found in process
[0708/005839.403:ERROR:process_reader_win.cc(123)] NtOpenThread: {Access Denied} A process has requested access to an object, but has not been granted those access rights. (0xc0000022)
[0708/005839.404:ERROR:process_reader_win.cc(123)] NtOpenThread: {Access Denied} A process has requested access to an object, but has not been granted those access rights. (0xc0000022)
[0708/005839.403:ERROR:process_reader_win.cc(123)] NtOpenThread: {Access Denied} A process has requested access to an object, but has not been granted those access rights. (0xc0000022)
[0708/005839.443:ERROR:exception_snapshot_win.cc(98)] thread ID 49880 not found in process
[0708/005839.443:ERROR:exception_snapshot_win.cc(98)] thread ID 15792 not found in process
[0708/005839.438:ERROR:process_reader_win.cc(123)] NtOpenThread: {Access Denied} A process has requested access to an object, but has not been granted those access rights. (0xc0000022)
[0708/005839.443:ERROR:exception_snapshot_win.cc(98)] thread ID 47852 not found in process
[0708/005839.442:ERROR:process_reader_win.cc(123)] NtOpenThread: {Access Denied} A process has requested access to an object, but has not been granted those access rights. (0xc0000022)
[0708/005839.443:ERROR:exception_snapshot_win.cc(98)] thread ID 49316 not found in process
[0708/005839.443:ERROR:exception_snapshot_win.cc(98)] thread ID 40288 not found in process
[0708/005839.446:ERROR:process_reader_win.cc(123)] NtOpenThread: {Access Denied} A process has requested access to an object, but has not been granted those access rights. (0xc0000022)
[0708/005839.455:ERROR:exception_snapshot_win.cc(98)] thread ID 40660 not found in process
[0708/011642.837:ERROR:process_reader_win.cc(123)] NtOpenThread: {Access Denied} A process has requested access to an object, but has not been granted those access rights. (0xc0000022)
[0708/011642.841:ERROR:exception_snapshot_win.cc(98)] thread ID 54384 not found in process
[0708/011642.867:ERROR:process_reader_win.cc(123)] NtOpenThread: {Access Denied} A process has requested access to an object, but has not been granted those access rights. (0xc0000022)
[0708/011642.868:ERROR:exception_snapshot_win.cc(98)] thread ID 43700 not found in process
[0708/105411.421:ERROR:process_reader_win.cc(123)] NtOpenThread: {Access Denied} A process has requested access to an object, but has not been granted those access rights. (0xc0000022)
[0708/105411.421:ERROR:process_reader_win.cc(123)] NtOpenThread: {Access Denied} A process has requested access to an object, but has not been granted those access rights. (0xc0000022)
[0708/105411.448:ERROR:process_reader_win.cc(123)] NtOpenThread: {Access Denied} A process has requested access to an object, but has not been granted those access rights. (0xc0000022)
[0708/105411.448:ERROR:process_reader_win.cc(123)] NtOpenThread: {Access Denied} A process has requested access to an object, but has not been granted those access rights. (0xc0000022)
[0708/105411.637:ERROR:exception_snapshot_win.cc(98)] thread ID 12896 not found in process
[0708/105411.637:ERROR:exception_snapshot_win.cc(98)] thread ID 40792 not found in process
[0708/105411.637:ERROR:exception_snapshot_win.cc(98)] thread ID 38192 not found in process
[0708/105411.637:ERROR:exception_snapshot_win.cc(98)] thread ID 54052 not found in process
[0708/124139.019:ERROR:process_reader_win.cc(123)] NtOpenThread: {Access Denied} A process has requested access to an object, but has not been granted those access rights. (0xc0000022)
[0708/124138.997:ERROR:process_reader_win.cc(123)] NtOpenThread: {Access Denied} A process has requested access to an object, but has not been granted those access rights. (0xc0000022)
[0708/124139.026:ERROR:process_reader_win.cc(123)] NtOpenThread: {Access Denied} A process has requested access to an object, but has not been granted those access rights. (0xc0000022)
[0708/124139.009:ERROR:process_reader_win.cc(123)] NtOpenThread: {Access Denied} A process has requested access to an object, but has not been granted those access rights. (0xc0000022)
[0708/124139.217:ERROR:exception_snapshot_win.cc(98)] thread ID 32248 not found in process
[0708/124139.021:ERROR:process_reader_win.cc(123)] NtOpenThread: {Access Denied} A process has requested access to an object, but has not been granted those access rights. (0xc0000022)
[0708/124139.218:ERROR:exception_snapshot_win.cc(98)] thread ID 53300 not found in process
[0708/124139.218:ERROR:exception_snapshot_win.cc(98)] thread ID 24688 not found in process
[0708/124139.218:ERROR:exception_snapshot_win.cc(98)] thread ID 49312 not found in process
[0708/124139.218:ERROR:exception_snapshot_win.cc(98)] thread ID 42148 not found in process
[0708/124337.046:ERROR:process_reader_win.cc(123)] NtOpenThread: {Access Denied} A process has requested access to an object, but has not been granted those access rights. (0xc0000022)
[0708/124337.048:ERROR:exception_snapshot_win.cc(98)] thread ID 54352 not found in process
[0708/124337.071:ERROR:process_reader_win.cc(123)] NtOpenThread: {Access Denied} A process has requested access to an object, but has not been granted those access rights. (0xc0000022)
[0708/124337.072:ERROR:exception_snapshot_win.cc(98)] thread ID 35360 not found in process
[0708/132430.530:ERROR:process_reader_win.cc(123)] NtOpenThread: {Access Denied} A process has requested access to an object, but has not been granted those access rights. (0xc0000022)
[0708/132430.530:ERROR:process_reader_win.cc(123)] NtOpenThread: {Access Denied} A process has requested access to an object, but has not been granted those access rights. (0xc0000022)
[0708/132430.690:ERROR:exception_snapshot_win.cc(98)] thread ID 39096 not found in process
[0708/132430.690:ERROR:exception_snapshot_win.cc(98)] thread ID 43292 not found in process
[0708/132430.690:ERROR:scoped_process_suspend.cc(40)] NtResumeProcess: An attempt was made to access an exiting process. (0xc000010a)
[0708/132430.690:ERROR:scoped_process_suspend.cc(40)] NtResumeProcess: An attempt was made to access an exiting process. (0xc000010a)
[0708/141441.506:ERROR:process_reader_win.cc(123)] NtOpenThread: {Access Denied} A process has requested access to an object, but has not been granted those access rights. (0xc0000022)
[0708/141441.512:ERROR:process_reader_win.cc(123)] NtOpenThread: {Access Denied} A process has requested access to an object, but has not been granted those access rights. (0xc0000022)
[0708/141441.552:ERROR:exception_snapshot_win.cc(98)] thread ID 12624 not found in process
[0708/141441.552:ERROR:exception_snapshot_win.cc(98)] thread ID 54200 not found in process
[0708/174211.834:ERROR:process_reader_win.cc(123)] NtOpenThread: {Access Denied} A process has requested access to an object, but has not been granted those access rights. (0xc0000022)
[0708/174212.214:ERROR:exception_snapshot_win.cc(98)] thread ID 53880 not found in process
[0708/174212.383:ERROR:process_reader_win.cc(123)] NtOpenThread: {Access Denied} A process has requested access to an object, but has not been granted those access rights. (0xc0000022)
[0708/174212.383:ERROR:exception_snapshot_win.cc(98)] thread ID 44512 not found in process
[0709/115938.317:ERROR:process_reader_win.cc(123)] NtOpenThread: {Access Denied} A process has requested access to an object, but has not been granted those access rights. (0xc0000022)
[0709/115938.436:ERROR:exception_snapshot_win.cc(98)] thread ID 13664 not found in process
[0709/115938.345:ERROR:process_reader_win.cc(123)] NtOpenThread: {Access Denied} A process has requested access to an object, but has not been granted those access rights. (0xc0000022)
[0709/115938.436:ERROR:exception_snapshot_win.cc(98)] thread ID 36520 not found in process
[0709/120427.801:ERROR:process_reader_win.cc(123)] NtOpenThread: {Access Denied} A process has requested access to an object, but has not been granted those access rights. (0xc0000022)
[0709/120427.803:ERROR:exception_snapshot_win.cc(98)] thread ID 5204 not found in process
[0709/120427.815:ERROR:process_reader_win.cc(123)] NtOpenThread: {Access Denied} A process has requested access to an object, but has not been granted those access rights. (0xc0000022)
[0709/120427.820:ERROR:exception_snapshot_win.cc(98)] thread ID 51984 not found in process
[0709/120427.842:ERROR:process_reader_win.cc(123)] NtOpenThread: {Access Denied} A process has requested access to an object, but has not been granted those access rights. (0xc0000022)
[0709/120427.843:ERROR:exception_snapshot_win.cc(98)] thread ID 56468 not found in process
[0709/120427.846:ERROR:process_reader_win.cc(123)] NtOpenThread: {Access Denied} A process has requested access to an object, but has not been granted those access rights. (0xc0000022)
[0709/120427.847:ERROR:exception_snapshot_win.cc(98)] thread ID 56636 not found in process
[0709/125233.511:ERROR:process_reader_win.cc(123)] NtOpenThread: {Access Denied} A process has requested access to an object, but has not been granted those access rights. (0xc0000022)
[0709/125233.539:ERROR:process_reader_win.cc(123)] NtOpenThread: {Access Denied} A process has requested access to an object, but has not been granted those access rights. (0xc0000022)
[0709/125233.566:ERROR:process_reader_win.cc(123)] NtOpenThread: {Access Denied} A process has requested access to an object, but has not been granted those access rights. (0xc0000022)
[0709/125233.562:ERROR:process_reader_win.cc(123)] NtOpenThread: {Access Denied} A process has requested access to an object, but has not been granted those access rights. (0xc0000022)
[0709/125233.569:ERROR:exception_snapshot_win.cc(98)] thread ID 14844 not found in process
[0709/125233.569:ERROR:exception_snapshot_win.cc(98)] thread ID 23880 not found in process
[0709/125233.513:ERROR:process_reader_win.cc(123)] NtOpenThread: {Access Denied} A process has requested access to an object, but has not been granted those access rights. (0xc0000022)
[0709/125233.569:ERROR:exception_snapshot_win.cc(98)] thread ID 2460 not found in process
[0709/125233.569:ERROR:exception_snapshot_win.cc(98)] thread ID 43928 not found in process
[0709/125233.569:ERROR:exception_snapshot_win.cc(98)] thread ID 45740 not found in process
[0709/174340.728:ERROR:process_reader_win.cc(151)] SuspendThread: Access is denied. (0x5)
[0709/174340.759:ERROR:process_reader_win.cc(123)] NtOpenThread: {Access Denied} A process has requested access to an object, but has not been granted those access rights. (0xc0000022)
[0709/174340.999:ERROR:exception_snapshot_win.cc(98)] thread ID 24664 not found in process
[0709/174340.728:ERROR:process_reader_win.cc(123)] NtOpenThread: {Access Denied} A process has requested access to an object, but has not been granted those access rights. (0xc0000022)
[0709/174341.001:ERROR:exception_snapshot_win.cc(98)] thread ID 52072 not found in process
[0709/174341.223:ERROR:process_reader_win.cc(123)] NtOpenThread: {Access Denied} A process has requested access to an object, but has not been granted those access rights. (0xc0000022)
[0709/174341.223:ERROR:process_reader_win.cc(123)] NtOpenThread: {Access Denied} A process has requested access to an object, but has not been granted those access rights. (0xc0000022)
[0709/174341.223:ERROR:exception_snapshot_win.cc(98)] thread ID 55472 not found in process
[0709/174341.223:ERROR:exception_snapshot_win.cc(98)] thread ID 45624 not found in process
[0709/181833.777:ERROR:process_reader_win.cc(123)] NtOpenThread: {Access Denied} A process has requested access to an object, but has not been granted those access rights. (0xc0000022)
[0709/181833.800:ERROR:process_reader_win.cc(123)] NtOpenThread: {Access Denied} A process has requested access to an object, but has not been granted those access rights. (0xc0000022)
[0709/181833.940:ERROR:exception_snapshot_win.cc(98)] thread ID 33612 not found in process
[0709/181833.812:ERROR:process_reader_win.cc(123)] NtOpenThread: {Access Denied} A process has requested access to an object, but has not been granted those access rights. (0xc0000022)
[0709/181833.940:ERROR:exception_snapshot_win.cc(98)] thread ID 10804 not found in process
[0709/181833.940:ERROR:exception_snapshot_win.cc(98)] thread ID 56860 not found in process
[0709/181833.951:ERROR:process_reader_win.cc(123)] NtOpenThread: {Access Denied} A process has requested access to an object, but has not been granted those access rights. (0xc0000022)
[0709/181833.951:ERROR:exception_snapshot_win.cc(98)] thread ID 47904 not found in process
[0709/181838.320:ERROR:process_reader_win.cc(123)] NtOpenThread: {Access Denied} A process has requested access to an object, but has not been granted those access rights. (0xc0000022)
[0709/181838.322:ERROR:exception_snapshot_win.cc(98)] thread ID 52688 not found in process
[0709/181838.342:ERROR:process_reader_win.cc(123)] NtOpenThread: {Access Denied} A process has requested access to an object, but has not been granted those access rights. (0xc0000022)
[0709/181838.343:ERROR:exception_snapshot_win.cc(98)] thread ID 24292 not found in process
[0711/133531.892:ERROR:process_reader_win.cc(123)] NtOpenThread: {Access Denied} A process has requested access to an object, but has not been granted those access rights. (0xc0000022)
[0711/133531.983:ERROR:exception_snapshot_win.cc(98)] thread ID 17192 not found in process
[0711/133531.931:ERROR:process_reader_win.cc(123)] NtOpenThread: {Access Denied} A process has requested access to an object, but has not been granted those access rights. (0xc0000022)
[0711/133531.933:ERROR:process_reader_win.cc(123)] NtOpenThread: {Access Denied} A process has requested access to an object, but has not been granted those access rights. (0xc0000022)
[0711/133531.983:ERROR:exception_snapshot_win.cc(98)] thread ID 3812 not found in process
[0711/133531.983:ERROR:exception_snapshot_win.cc(98)] thread ID 7656 not found in process
[0711/133531.897:ERROR:process_reader_win.cc(123)] NtOpenThread: {Access Denied} A process has requested access to an object, but has not been granted those access rights. (0xc0000022)
[0711/133531.924:ERROR:process_reader_win.cc(123)] NtOpenThread: {Access Denied} A process has requested access to an object, but has not been granted those access rights. (0xc0000022)
[0711/133531.983:ERROR:exception_snapshot_win.cc(98)] thread ID 4904 not found in process
[0711/133531.983:ERROR:exception_snapshot_win.cc(98)] thread ID 2196 not found in process
[0711/133531.983:ERROR:scoped_process_suspend.cc(40)] NtResumeProcess: An attempt was made to access an exiting process. (0xc000010a)
[0711/141531.471:ERROR:process_reader_win.cc(123)] NtOpenThread: {Access Denied} A process has requested access to an object, but has not been granted those access rights. (0xc0000022)
[0711/141531.473:ERROR:exception_snapshot_win.cc(98)] thread ID 10992 not found in process
[0711/141531.653:ERROR:process_reader_win.cc(123)] NtOpenThread: {Access Denied} A process has requested access to an object, but has not been granted those access rights. (0xc0000022)
[0711/141531.653:ERROR:exception_snapshot_win.cc(98)] thread ID 15028 not found in process
[0717/185011.961:ERROR:process_reader_win.cc(123)] NtOpenThread: {Access Denied} A process has requested access to an object, but has not been granted those access rights. (0xc0000022)
[0717/185012.166:ERROR:exception_snapshot_win.cc(98)] thread ID 2312 not found in process
[0717/185011.995:ERROR:process_reader_win.cc(123)] NtOpenThread: {Access Denied} A process has requested access to an object, but has not been granted those access rights. (0xc0000022)
[0717/185011.937:ERROR:process_reader_win.cc(123)] NtOpenThread: {Access Denied} A process has requested access to an object, but has not been granted those access rights. (0xc0000022)
[0717/185012.166:ERROR:exception_snapshot_win.cc(98)] thread ID 22764 not found in process
[0717/185012.166:ERROR:exception_snapshot_win.cc(98)] thread ID 15696 not found in process
[0717/185012.172:ERROR:process_reader_win.cc(123)] NtOpenThread: {Access Denied} A process has requested access to an object, but has not been granted those access rights. (0xc0000022)
[0717/185012.172:ERROR:exception_snapshot_win.cc(98)] thread ID 9812 not found in process
[0717/212520.818:ERROR:process_reader_win.cc(151)] SuspendThread: Access is denied. (0x5)
[0717/212520.865:ERROR:process_reader_win.cc(123)] NtOpenThread: {Access Denied} A process has requested access to an object, but has not been granted those access rights. (0xc0000022)
[0717/212521.827:ERROR:exception_snapshot_win.cc(98)] thread ID 10064 not found in process
[0717/212522.565:ERROR:process_reader_win.cc(123)] NtOpenThread: {Access Denied} A process has requested access to an object, but has not been granted those access rights. (0xc0000022)
[0717/212522.565:ERROR:exception_snapshot_win.cc(98)] thread ID 22744 not found in process
[0724/192759.912:ERROR:process_reader_win.cc(123)] NtOpenThread: {Access Denied} A process has requested access to an object, but has not been granted those access rights. (0xc0000022)
[0724/192759.974:ERROR:exception_snapshot_win.cc(98)] thread ID 13492 not found in process
[0724/192759.974:ERROR:scoped_process_suspend.cc(40)] NtResumeProcess: An attempt was made to access an exiting process. (0xc000010a)
[0725/000051.527:ERROR:process_reader_win.cc(123)] NtOpenThread: {Access Denied} A process has requested access to an object, but has not been granted those access rights. (0xc0000022)
[0725/000051.526:ERROR:process_reader_win.cc(123)] NtOpenThread: {Access Denied} A process has requested access to an object, but has not been granted those access rights. (0xc0000022)
[0725/000051.589:ERROR:exception_snapshot_win.cc(98)] thread ID 37816 not found in process
[0725/000051.589:ERROR:exception_snapshot_win.cc(98)] thread ID 37472 not found in process
[0725/000051.589:ERROR:scoped_process_suspend.cc(40)] NtResumeProcess: An attempt was made to access an exiting process. (0xc000010a)
[0725/000051.589:ERROR:scoped_process_suspend.cc(40)] NtResumeProcess: An attempt was made to access an exiting process. (0xc000010a)
[0725/000159.217:ERROR:process_reader_win.cc(123)] NtOpenThread: {Access Denied} A process has requested access to an object, but has not been granted those access rights. (0xc0000022)
[0725/000159.222:ERROR:exception_snapshot_win.cc(98)] thread ID 19648 not found in process
[0725/000159.269:ERROR:process_reader_win.cc(123)] NtOpenThread: {Access Denied} A process has requested access to an object, but has not been granted those access rights. (0xc0000022)
[0725/000159.269:ERROR:exception_snapshot_win.cc(98)] thread ID 40196 not found in process
[0725/015332.808:ERROR:process_reader_win.cc(123)] NtOpenThread: {Access Denied} A process has requested access to an object, but has not been granted those access rights. (0xc0000022)
[0725/015332.810:ERROR:exception_snapshot_win.cc(98)] thread ID 36648 not found in process
[0725/015332.895:ERROR:process_reader_win.cc(123)] NtOpenThread: {Access Denied} A process has requested access to an object, but has not been granted those access rights. (0xc0000022)
[0725/015332.895:ERROR:exception_snapshot_win.cc(98)] thread ID 35932 not found in process
[0726/002752.561:ERROR:process_reader_win.cc(123)] NtOpenThread: {Access Denied} A process has requested access to an object, but has not been granted those access rights. (0xc0000022)
[0726/002752.545:ERROR:process_reader_win.cc(123)] NtOpenThread: {Access Denied} A process has requested access to an object, but has not been granted those access rights. (0xc0000022)
[0726/002752.539:ERROR:process_reader_win.cc(123)] NtOpenThread: {Access Denied} A process has requested access to an object, but has not been granted those access rights. (0xc0000022)
[0726/002752.629:ERROR:exception_snapshot_win.cc(98)] thread ID 27936 not found in process
[0726/002752.629:ERROR:exception_snapshot_win.cc(98)] thread ID 36196 not found in process
[0726/002752.629:ERROR:exception_snapshot_win.cc(98)] thread ID 38152 not found in process
[0726/120416.836:ERROR:process_reader_win.cc(123)] NtOpenThread: {Access Denied} A process has requested access to an object, but has not been granted those access rights. (0xc0000022)
[0726/120416.869:ERROR:process_reader_win.cc(123)] NtOpenThread: {Access Denied} A process has requested access to an object, but has not been granted those access rights. (0xc0000022)
[0726/120416.875:ERROR:exception_snapshot_win.cc(98)] thread ID 33508 not found in process
[0726/120416.875:ERROR:exception_snapshot_win.cc(98)] thread ID 41216 not found in process
[0726/121223.063:ERROR:process_reader_win.cc(123)] NtOpenThread: {Access Denied} A process has requested access to an object, but has not been granted those access rights. (0xc0000022)
[0726/121223.069:ERROR:exception_snapshot_win.cc(98)] thread ID 2936 not found in process
[0726/121223.108:ERROR:process_reader_win.cc(123)] NtOpenThread: {Access Denied} A process has requested access to an object, but has not been granted those access rights. (0xc0000022)
[0726/121223.108:ERROR:exception_snapshot_win.cc(98)] thread ID 29672 not found in process
[0726/122050.587:ERROR:process_reader_win.cc(123)] NtOpenThread: {Access Denied} A process has requested access to an object, but has not been granted those access rights. (0xc0000022)
[0726/122050.663:ERROR:exception_snapshot_win.cc(98)] thread ID 41116 not found in process
[0726/122051.013:ERROR:process_reader_win.cc(123)] NtOpenThread: {Access Denied} A process has requested access to an object, but has not been granted those access rights. (0xc0000022)
[0726/122051.013:ERROR:exception_snapshot_win.cc(98)] thread ID 40804 not found in process
[0726/122804.560:ERROR:process_reader_win.cc(123)] NtOpenThread: {Access Denied} A process has requested access to an object, but has not been granted those access rights. (0xc0000022)
[0726/122804.566:ERROR:exception_snapshot_win.cc(98)] thread ID 32480 not found in process
[0726/122804.592:ERROR:process_reader_win.cc(123)] NtOpenThread: {Access Denied} A process has requested access to an object, but has not been granted those access rights. (0xc0000022)
[0726/122804.592:ERROR:exception_snapshot_win.cc(98)] thread ID 35532 not found in process
[0726/134034.966:ERROR:process_reader_win.cc(151)] SuspendThread: Access is denied. (0x5)
[0726/134034.968:ERROR:process_reader_win.cc(123)] NtOpenThread: {Access Denied} A process has requested access to an object, but has not been granted those access rights. (0xc0000022)
[0726/134034.969:ERROR:exception_snapshot_win.cc(98)] thread ID 38316 not found in process
[0726/134035.064:ERROR:process_reader_win.cc(123)] NtOpenThread: {Access Denied} A process has requested access to an object, but has not been granted those access rights. (0xc0000022)
[0726/134035.064:ERROR:exception_snapshot_win.cc(98)] thread ID 40192 not found in process
[0727/010224.018:ERROR:process_reader_win.cc(123)] NtOpenThread: {Access Denied} A process has requested access to an object, but has not been granted those access rights. (0xc0000022)
[0727/010224.200:ERROR:exception_snapshot_win.cc(98)] thread ID 42564 not found in process
[0727/010224.012:ERROR:process_reader_win.cc(123)] NtOpenThread: {Access Denied} A process has requested access to an object, but has not been granted those access rights. (0xc0000022)
[0727/010224.201:ERROR:exception_snapshot_win.cc(98)] thread ID 10020 not found in process
[0727/010440.069:ERROR:process_reader_win.cc(123)] NtOpenThread: {Access Denied} A process has requested access to an object, but has not been granted those access rights. (0xc0000022)
[0727/010440.077:ERROR:exception_snapshot_win.cc(98)] thread ID 30124 not found in process
[0727/010440.113:ERROR:process_reader_win.cc(123)] NtOpenThread: {Access Denied} A process has requested access to an object, but has not been granted those access rights. (0xc0000022)
[0727/010440.113:ERROR:exception_snapshot_win.cc(98)] thread ID 43328 not found in process
[0727/023350.387:ERROR:process_reader_win.cc(123)] NtOpenThread: {Access Denied} A process has requested access to an object, but has not been granted those access rights. (0xc0000022)
[0727/023350.609:ERROR:exception_snapshot_win.cc(98)] thread ID 28392 not found in process
[0727/023350.404:ERROR:process_reader_win.cc(123)] NtOpenThread: {Access Denied} A process has requested access to an object, but has not been granted those access rights. (0xc0000022)
[0727/023350.609:ERROR:exception_snapshot_win.cc(98)] thread ID 24184 not found in process
[0727/024758.102:ERROR:process_reader_win.cc(123)] NtOpenThread: {Access Denied} A process has requested access to an object, but has not been granted those access rights. (0xc0000022)
[0727/024758.104:ERROR:exception_snapshot_win.cc(98)] thread ID 34476 not found in process
[0727/024758.175:ERROR:process_reader_win.cc(123)] NtOpenThread: {Access Denied} A process has requested access to an object, but has not been granted those access rights. (0xc0000022)
[0727/024758.175:ERROR:exception_snapshot_win.cc(98)] thread ID 31972 not found in process
[0727/024758.365:ERROR:process_reader_win.cc(123)] NtOpenThread: {Access Denied} A process has requested access to an object, but has not been granted those access rights. (0xc0000022)
[0727/024758.366:ERROR:exception_snapshot_win.cc(98)] thread ID 24788 not found in process
[0727/024758.411:ERROR:process_reader_win.cc(123)] NtOpenThread: {Access Denied} A process has requested access to an object, but has not been granted those access rights. (0xc0000022)
[0727/024758.411:ERROR:exception_snapshot_win.cc(98)] thread ID 42948 not found in process
[0727/030517.519:ERROR:process_reader_win.cc(123)] NtOpenThread: {Access Denied} A process has requested access to an object, but has not been granted those access rights. (0xc0000022)
[0727/030517.533:ERROR:exception_snapshot_win.cc(98)] thread ID 7992 not found in process
[0727/030517.545:ERROR:process_reader_win.cc(123)] NtOpenThread: {Access Denied} A process has requested access to an object, but has not been granted those access rights. (0xc0000022)
[0727/030517.546:ERROR:exception_snapshot_win.cc(98)] thread ID 33876 not found in process
[0727/030739.654:ERROR:process_reader_win.cc(123)] NtOpenThread: {Access Denied} A process has requested access to an object, but has not been granted those access rights. (0xc0000022)
[0727/030739.656:ERROR:exception_snapshot_win.cc(98)] thread ID 35672 not found in process
[0727/030739.684:ERROR:process_reader_win.cc(123)] NtOpenThread: {Access Denied} A process has requested access to an object, but has not been granted those access rights. (0xc0000022)
[0727/030739.684:ERROR:exception_snapshot_win.cc(98)] thread ID 43300 not found in process
[0727/031205.881:ERROR:process_reader_win.cc(123)] NtOpenThread: {Access Denied} A process has requested access to an object, but has not been granted those access rights. (0xc0000022)
[0727/031205.882:ERROR:exception_snapshot_win.cc(98)] thread ID 40188 not found in process
[0727/031205.912:ERROR:process_reader_win.cc(123)] NtOpenThread: {Access Denied} A process has requested access to an object, but has not been granted those access rights. (0xc0000022)
[0727/031205.912:ERROR:exception_snapshot_win.cc(98)] thread ID 39584 not found in process
[0727/031459.004:ERROR:process_reader_win.cc(123)] NtOpenThread: {Access Denied} A process has requested access to an object, but has not been granted those access rights. (0xc0000022)
[0727/031459.006:ERROR:exception_snapshot_win.cc(98)] thread ID 34704 not found in process
[0727/031459.030:ERROR:process_reader_win.cc(123)] NtOpenThread: {Access Denied} A process has requested access to an object, but has not been granted those access rights. (0xc0000022)
[0727/031459.030:ERROR:exception_snapshot_win.cc(98)] thread ID 23084 not found in process
[0728/013731.561:ERROR:process_reader_win.cc(151)] SuspendThread: Access is denied. (0x5)
[0728/013731.885:ERROR:process_reader_win.cc(123)] NtOpenThread: An invalid Client ID was specified. (0xc000000b)
[0728/013731.885:ERROR:exception_snapshot_win.cc(98)] thread ID 24332 not found in process
[0728/014812.782:ERROR:process_reader_win.cc(123)] NtOpenThread: {Access Denied} A process has requested access to an object, but has not been granted those access rights. (0xc0000022)
[0728/014812.788:ERROR:exception_snapshot_win.cc(98)] thread ID 31728 not found in process
[0728/014812.817:ERROR:process_reader_win.cc(123)] NtOpenThread: {Access Denied} A process has requested access to an object, but has not been granted those access rights. (0xc0000022)
[0728/014812.817:ERROR:exception_snapshot_win.cc(98)] thread ID 42912 not found in process
[0728/014957.206:ERROR:process_reader_win.cc(123)] NtOpenThread: {Access Denied} A process has requested access to an object, but has not been granted those access rights. (0xc0000022)
[0728/014957.212:ERROR:exception_snapshot_win.cc(98)] thread ID 18644 not found in process
[0728/014957.245:ERROR:process_reader_win.cc(123)] NtOpenThread: {Access Denied} A process has requested access to an object, but has not been granted those access rights. (0xc0000022)
[0728/014957.245:ERROR:exception_snapshot_win.cc(98)] thread ID 41260 not found in process
[0728/015122.111:ERROR:process_reader_win.cc(123)] NtOpenThread: {Access Denied} A process has requested access to an object, but has not been granted those access rights. (0xc0000022)
[0728/015122.119:ERROR:exception_snapshot_win.cc(98)] thread ID 28184 not found in process
[0728/015122.158:ERROR:process_reader_win.cc(123)] NtOpenThread: {Access Denied} A process has requested access to an object, but has not been granted those access rights. (0xc0000022)
[0728/015122.158:ERROR:exception_snapshot_win.cc(98)] thread ID 18712 not found in process
[0728/015807.236:ERROR:process_reader_win.cc(123)] NtOpenThread: {Access Denied} A process has requested access to an object, but has not been granted those access rights. (0xc0000022)
[0728/015807.243:ERROR:process_reader_win.cc(123)] NtOpenThread: {Access Denied} A process has requested access to an object, but has not been granted those access rights. (0xc0000022)
[0728/015807.258:ERROR:exception_snapshot_win.cc(98)] thread ID 36380 not found in process
[0728/015807.258:ERROR:exception_snapshot_win.cc(98)] thread ID 37096 not found in process
[0728/015807.280:ERROR:process_reader_win.cc(123)] NtOpenThread: {Access Denied} A process has requested access to an object, but has not been granted those access rights. (0xc0000022)
[0728/015807.281:ERROR:exception_snapshot_win.cc(98)] thread ID 30052 not found in process
[0728/025902.958:ERROR:process_reader_win.cc(123)] NtOpenThread: {Access Denied} A process has requested access to an object, but has not been granted those access rights. (0xc0000022)
[0728/025902.974:ERROR:process_reader_win.cc(123)] NtOpenThread: {Access Denied} A process has requested access to an object, but has not been granted those access rights. (0xc0000022)
[0728/025903.248:ERROR:exception_snapshot_win.cc(98)] thread ID 45376 not found in process
[0728/025903.248:ERROR:exception_snapshot_win.cc(98)] thread ID 30676 not found in process
[0728/033412.768:ERROR:process_reader_win.cc(123)] NtOpenThread: {Access Denied} A process has requested access to an object, but has not been granted those access rights. (0xc0000022)
[0728/033412.741:ERROR:process_reader_win.cc(123)] NtOpenThread: {Access Denied} A process has requested access to an object, but has not been granted those access rights. (0xc0000022)
[0728/033412.819:ERROR:exception_snapshot_win.cc(98)] thread ID 39576 not found in process
[0728/033412.819:ERROR:exception_snapshot_win.cc(98)] thread ID 14464 not found in process
[0728/152154.773:ERROR:process_reader_win.cc(123)] NtOpenThread: {Access Denied} A process has requested access to an object, but has not been granted those access rights. (0xc0000022)
[0728/152154.839:ERROR:process_reader_win.cc(123)] NtOpenThread: {Access Denied} A process has requested access to an object, but has not been granted those access rights. (0xc0000022)
[0728/152154.767:ERROR:process_reader_win.cc(123)] NtOpenThread: {Access Denied} A process has requested access to an object, but has not been granted those access rights. (0xc0000022)
[0728/152154.870:ERROR:exception_snapshot_win.cc(98)] thread ID 22532 not found in process
[0728/152154.870:ERROR:exception_snapshot_win.cc(98)] thread ID 31708 not found in process
[0728/152154.870:ERROR:exception_snapshot_win.cc(98)] thread ID 40900 not found in process
[0728/155139.912:ERROR:process_reader_win.cc(123)] NtOpenThread: {Access Denied} A process has requested access to an object, but has not been granted those access rights. (0xc0000022)
[0728/155139.887:ERROR:process_reader_win.cc(123)] NtOpenThread: {Access Denied} A process has requested access to an object, but has not been granted those access rights. (0xc0000022)
[0728/155139.988:ERROR:exception_snapshot_win.cc(98)] thread ID 23624 not found in process
[0728/155139.988:ERROR:exception_snapshot_win.cc(98)] thread ID 10620 not found in process
[0728/155310.795:ERROR:process_reader_win.cc(123)] NtOpenThread: {Access Denied} A process has requested access to an object, but has not been granted those access rights. (0xc0000022)
[0728/155310.797:ERROR:exception_snapshot_win.cc(98)] thread ID 32580 not found in process
[0728/155310.822:ERROR:process_reader_win.cc(123)] NtOpenThread: {Access Denied} A process has requested access to an object, but has not been granted those access rights. (0xc0000022)
[0728/155310.822:ERROR:exception_snapshot_win.cc(98)] thread ID 27496 not found in process
[0728/155717.116:ERROR:process_reader_win.cc(123)] NtOpenThread: {Access Denied} A process has requested access to an object, but has not been granted those access rights. (0xc0000022)
[0728/155717.119:ERROR:exception_snapshot_win.cc(98)] thread ID 14780 not found in process
[0728/155717.211:ERROR:process_reader_win.cc(123)] NtOpenThread: {Access Denied} A process has requested access to an object, but has not been granted those access rights. (0xc0000022)
[0728/155717.211:ERROR:exception_snapshot_win.cc(98)] thread ID 35744 not found in process
[0728/155905.518:ERROR:process_reader_win.cc(123)] NtOpenThread: {Access Denied} A process has requested access to an object, but has not been granted those access rights. (0xc0000022)
[0728/155905.521:ERROR:exception_snapshot_win.cc(98)] thread ID 9344 not found in process
[0728/155905.554:ERROR:process_reader_win.cc(123)] NtOpenThread: {Access Denied} A process has requested access to an object, but has not been granted those access rights. (0xc0000022)
[0728/155905.554:ERROR:exception_snapshot_win.cc(98)] thread ID 40548 not found in process
[0728/160252.052:ERROR:process_reader_win.cc(123)] NtOpenThread: {Access Denied} A process has requested access to an object, but has not been granted those access rights. (0xc0000022)
[0728/160252.054:ERROR:exception_snapshot_win.cc(98)] thread ID 40336 not found in process
[0728/160252.086:ERROR:process_reader_win.cc(123)] NtOpenThread: {Access Denied} A process has requested access to an object, but has not been granted those access rights. (0xc0000022)
[0728/160252.086:ERROR:exception_snapshot_win.cc(98)] thread ID 44104 not found in process
[0728/160629.630:ERROR:process_reader_win.cc(123)] NtOpenThread: {Access Denied} A process has requested access to an object, but has not been granted those access rights. (0xc0000022)
[0728/160629.776:ERROR:exception_snapshot_win.cc(98)] thread ID 44688 not found in process
[0728/160630.067:ERROR:process_reader_win.cc(123)] NtOpenThread: {Access Denied} A process has requested access to an object, but has not been granted those access rights. (0xc0000022)
[0728/160630.067:ERROR:exception_snapshot_win.cc(98)] thread ID 21964 not found in process
[0728/161106.621:ERROR:process_reader_win.cc(123)] NtOpenThread: {Access Denied} A process has requested access to an object, but has not been granted those access rights. (0xc0000022)
[0728/161106.624:ERROR:exception_snapshot_win.cc(98)] thread ID 40484 not found in process
[0728/161106.654:ERROR:process_reader_win.cc(123)] NtOpenThread: {Access Denied} A process has requested access to an object, but has not been granted those access rights. (0xc0000022)
[0728/161106.655:ERROR:exception_snapshot_win.cc(98)] thread ID 26064 not found in process
[0728/161601.749:ERROR:process_reader_win.cc(123)] NtOpenThread: {Access Denied} A process has requested access to an object, but has not been granted those access rights. (0xc0000022)
[0728/161601.782:ERROR:process_reader_win.cc(123)] NtOpenThread: {Access Denied} A process has requested access to an object, but has not been granted those access rights. (0xc0000022)
[0728/161601.806:ERROR:exception_snapshot_win.cc(98)] thread ID 29904 not found in process
[0728/161601.806:ERROR:exception_snapshot_win.cc(98)] thread ID 42560 not found in process
[0728/162406.441:ERROR:process_reader_win.cc(123)] NtOpenThread: {Access Denied} A process has requested access to an object, but has not been granted those access rights. (0xc0000022)
[0728/162406.442:ERROR:exception_snapshot_win.cc(98)] thread ID 10140 not found in process
[0728/162406.448:ERROR:process_reader_win.cc(123)] NtOpenThread: {Access Denied} A process has requested access to an object, but has not been granted those access rights. (0xc0000022)
[0728/162406.452:ERROR:exception_snapshot_win.cc(98)] thread ID 39704 not found in process
[0728/162406.482:ERROR:process_reader_win.cc(123)] NtOpenThread: {Access Denied} A process has requested access to an object, but has not been granted those access rights. (0xc0000022)
[0728/162406.482:ERROR:exception_snapshot_win.cc(98)] thread ID 38740 not found in process
[0728/162406.485:ERROR:process_reader_win.cc(123)] NtOpenThread: {Access Denied} A process has requested access to an object, but has not been granted those access rights. (0xc0000022)
[0728/162406.485:ERROR:exception_snapshot_win.cc(98)] thread ID 11200 not found in process
[0728/162858.408:ERROR:process_reader_win.cc(123)] NtOpenThread: {Access Denied} A process has requested access to an object, but has not been granted those access rights. (0xc0000022)
[0728/162858.410:ERROR:exception_snapshot_win.cc(98)] thread ID 43080 not found in process
[0728/162858.430:ERROR:process_reader_win.cc(123)] NtOpenThread: {Access Denied} A process has requested access to an object, but has not been granted those access rights. (0xc0000022)
[0728/162858.431:ERROR:exception_snapshot_win.cc(98)] thread ID 29800 not found in process
[0728/163105.253:ERROR:process_reader_win.cc(123)] NtOpenThread: {Access Denied} A process has requested access to an object, but has not been granted those access rights. (0xc0000022)
[0728/163105.289:ERROR:exception_snapshot_win.cc(98)] thread ID 42012 not found in process
[0728/163105.914:ERROR:process_reader_win.cc(123)] NtOpenThread: {Access Denied} A process has requested access to an object, but has not been granted those access rights. (0xc0000022)
[0728/163105.914:ERROR:exception_snapshot_win.cc(98)] thread ID 43300 not found in process
[0728/164516.040:ERROR:process_reader_win.cc(123)] NtOpenThread: {Access Denied} A process has requested access to an object, but has not been granted those access rights. (0xc0000022)
[0728/164516.105:ERROR:exception_snapshot_win.cc(98)] thread ID 38044 not found in process
[0728/164516.488:ERROR:process_reader_win.cc(123)] NtOpenThread: {Access Denied} A process has requested access to an object, but has not been granted those access rights. (0xc0000022)
[0728/164516.488:ERROR:exception_snapshot_win.cc(98)] thread ID 35876 not found in process
